[20:14:10] [main/INFO] (FabricLoader/GameProvider) Loading Minecraft 1.19.4 with Fabric Loader 0.14.17
[20:14:10] [ForkJoinPool-1-worker-1/WARN] (FabricLoader/Metadata) Mod elementsmod uses the version ${version} which isn't compatible with Loader's extended semantic version format (Could not parse version number component '${version}'!), SemVer is recommended for reliably evaluating dependencies and prioritizing newer version
[20:14:10] [main/INFO] (FabricLoader) Loading 46 mods:
	- elementsmod ${version}
	- fabric-api 0.75.3+1.19.4
	- fabric-api-base 0.4.23+9ff28bced8
	- fabric-api-lookup-api-v1 1.6.24+49abcf7ed8
	- fabric-biome-api-v1 13.0.5+fe9afa9dd8
	- fabric-block-api-v1 1.0.5+e022e5d1d8
	- fabric-blockrenderlayer-v1 1.1.33+c2e6f674d8
	- fabric-client-tags-api-v1 1.0.14+1134c5b8d8
	- fabric-command-api-v2 2.2.4+ae0966bad8
	- fabric-content-registries-v0 3.5.6+ae0966bad8
	- fabric-convention-tags-v1 1.3.0+6baaf971d8
	- fabric-crash-report-info-v1 0.2.14+aeb40ebed8
	- fabric-data-generation-api-v1 11.3.4+5da15ca1d8
	- fabric-dimensions-v1 2.1.44+7f87f8fad8
	- fabric-entity-events-v1 1.5.12+e45f7c65d8
	- fabric-events-interaction-v0 0.4.42+a1ccd7bfd8
	- fabric-game-rule-api-v1 1.0.32+a1ccd7bfd8
	- fabric-gametest-api-v1 1.2.1+ae0966bad8
	- fabric-item-api-v1 2.1.15+ae0966bad8
	- fabric-item-group-api-v1 3.0.2+e45f7c65d8
	- fabric-key-binding-api-v1 1.0.32+c477957ed8
	- fabric-lifecycle-events-v1 2.2.14+5da15ca1d8
	- fabric-loot-api-v2 1.1.24+75e98211d8
	- fabric-message-api-v1 5.1.0+1ee8be40d8
	- fabric-mining-level-api-v1 2.1.36+49abcf7ed8
	- fabric-models-v0 0.3.29+11ba9c3bd8
	- fabric-networking-api-v1 1.2.21+4e68ac5bd8
	- fabric-object-builder-api-v1 7.0.0+63b515f4d8
	- fabric-particles-v1 1.0.22+f1e4495bd8
	- fabric-recipe-api-v1 1.0.5+a1ccd7bfd8
	- fabric-registry-sync-v0 2.1.1+a383ab97d8
	- fabric-renderer-api-v1 2.2.4+81e8c576d8
	- fabric-renderer-indigo 1.1.0+81e8c576d8
	- fabric-rendering-data-attachment-v1 0.3.27+afca2f3ed8
	- fabric-rendering-fluids-v1 3.0.20+f1e4495bd8
	- fabric-rendering-v1 2.0.2+ae0966bad8
	- fabric-resource-conditions-api-v1 2.3.0+e6c7d4eed8
	- fabric-resource-loader-v0 0.10.9+711cde8ad8
	- fabric-screen-api-v1 1.0.44+8c25edb4d8
	- fabric-screen-handler-api-v1 1.3.17+5da15ca1d8
	- fabric-sound-api-v1 1.0.8+75e98211d8
	- fabric-transfer-api-v1 3.0.1+9003cbe9d8
	- fabric-transitive-access-wideners-v1 3.0.2+63b515f4d8
	- fabricloader 0.14.17
	- java 17
	- minecraft 1.19.4
[20:14:10] [main/INFO] (FabricLoader/Mixin) SpongePowered MIXIN Subsystem Version=0.8.5 Source=file:/C:/Users/TechPro424/.gradle/caches/modules-2/files-2.1/net.fabricmc/sponge-mixin/0.12.4+mixin.0.8.5/e13b4069fe3555969811d4474f78576c707bbe1c/sponge-mixin-0.12.4+mixin.0.8.5.jar Service=Knot/Fabric Env=CLIENT
[20:14:11] [main/INFO] (FabricLoader/Mixin) Loaded Fabric development mappings for mixin remapper!
[20:14:11] [main/INFO] (FabricLoader/Mixin) Compatibility level set to JAVA_16
[20:14:11] [main/INFO] (FabricLoader/Mixin) Compatibility level set to JAVA_17
[20:14:17] [Datafixer Bootstrap/INFO] (Minecraft) 180 Datafixer optimizations took 151 milliseconds
[20:14:19] [Render thread/INFO] (Minecraft) Environment: authHost='https://authserver.mojang.com', accountsHost='https://api.mojang.com', sessionHost='https://sessionserver.mojang.com', servicesHost='https://api.minecraftservices.com', name='PROD'
[20:14:20] [Render thread/ERROR] (Minecraft) Failed to verify authentication
com.mojang.authlib.exceptions.InvalidCredentialsException: Status: 401
	at com.mojang.authlib.exceptions.MinecraftClientHttpException.toAuthenticationException(MinecraftClientHttpException.java:56) ~[authlib-3.18.38.jar:?]
	at com.mojang.authlib.yggdrasil.YggdrasilUserApiService.fetchProperties(YggdrasilUserApiService.java:156) ~[authlib-3.18.38.jar:?]
	at com.mojang.authlib.yggdrasil.YggdrasilUserApiService.<init>(YggdrasilUserApiService.java:55) ~[authlib-3.18.38.jar:?]
	at com.mojang.authlib.yggdrasil.YggdrasilAuthenticationService.createUserApiService(YggdrasilAuthenticationService.java:161) ~[authlib-3.18.38.jar:?]
	at net.minecraft.client.MinecraftClient.createUserApiService(MinecraftClient.java:732) ~[minecraft-merged-project-root-1.19.4-net.fabricmc.yarn.1_19_4.1.19.4+build.1-v2.jar:?]
	at net.minecraft.client.MinecraftClient.<init>(MinecraftClient.java:440) ~[minecraft-merged-project-root-1.19.4-net.fabricmc.yarn.1_19_4.1.19.4+build.1-v2.jar:?]
	at net.minecraft.client.main.Main.main(Main.java:198) ~[minecraft-merged-project-root-1.19.4-net.fabricmc.yarn.1_19_4.1.19.4+build.1-v2.jar:?]
	at net.fabricmc.loader.impl.game.minecraft.MinecraftGameProvider.launch(MinecraftGameProvider.java:462) ~[fabric-loader-0.14.17.jar:?]
	at net.fabricmc.loader.impl.launch.knot.Knot.launch(Knot.java:74) ~[fabric-loader-0.14.17.jar:?]
	at net.fabricmc.loader.impl.launch.knot.KnotClient.main(KnotClient.java:23) ~[fabric-loader-0.14.17.jar:?]
	at net.fabricmc.devlaunchinjector.Main.main(Main.java:86) ~[dev-launch-injector-0.2.1+build.8.jar:?]
Caused by: com.mojang.authlib.exceptions.MinecraftClientHttpException: Status: 401
	at com.mojang.authlib.minecraft.client.MinecraftClient.readInputStream(MinecraftClient.java:87) ~[authlib-3.18.38.jar:?]
	at com.mojang.authlib.minecraft.client.MinecraftClient.get(MinecraftClient.java:48) ~[authlib-3.18.38.jar:?]
	at com.mojang.authlib.yggdrasil.YggdrasilUserApiService.fetchProperties(YggdrasilUserApiService.java:129) ~[authlib-3.18.38.jar:?]
	... 9 more
[20:14:20] [Render thread/INFO] (Minecraft) Setting user: Player130
[20:14:20] [Render thread/INFO] (Indigo) [Indigo] Registering Indigo renderer!
[20:14:20] [Render thread/INFO] (Minecraft) Backend library: LWJGL version 3.3.1 SNAPSHOT
[20:14:22] [Render thread/INFO] (Minecraft) Narrator library for x64 successfully loaded
[20:14:22] [Render thread/INFO] (Minecraft) Reloading ResourceManager: vanilla, Fabric Mods (Fabric Mining Level API (v1), Elements Mod, Fabric Rendering (v1), Fabric Lifecycle Events (v1), Fabric Rendering Fluids (v1), Fabric Registry Sync (v0), Fabric Transfer API (v1), Fabric Screen API (v1), Fabric Game Rule API (v1), Fabric Entity Events (v1), Fabric Transitive Access Wideners (v1), Fabric Biome API (v1), Fabric API, Fabric Models (v0), Fabric Item API (v1), Fabric Particles (v1), Fabric Events Interaction (v0), Fabric Renderer API (v1), Fabric Dimensions API (v1), Fabric Crash Report Info (v1), Fabric Game Test API (v1), Fabric Content Registries (v0), Fabric Sound API (v1), Fabric Client Tags, Fabric Screen Handler API (v1), Fabric Resource Conditions API (v1), Fabric Command API (v2), Fabric Data Generation API (v1), Fabric Loader, Fabric Recipe API (v1), Fabric BlockRenderLayer Registration (v1), Fabric Networking API (v1), Fabric Key Binding API (v1), Fabric Message API (v1), Fabric Item Group API (v1), Fabric Object Builder API (v1), Fabric Resource Loader (v0), Fabric Loot API (v2), Fabric API Lookup API (v1), Fabric Rendering Data Attachment (v1), Fabric API Base, Fabric Convention Tags, Fabric Block API (v1), Fabric Renderer - Indigo)
[20:14:22] [Render thread/INFO] (elementsmod) This line is printed by an example mod mixin!
[20:14:23] [Realms Notification Availability checker #1/INFO] (Minecraft) Could not authorize you against Realms server: Invalid session id
[20:14:23] [Render thread/WARN] (Minecraft) Missing sound for event: minecraft:item.brush.brushing
[20:14:23] [Render thread/WARN] (Minecraft) Missing sound for event: minecraft:item.brush.brush_sand_completed
[20:14:23] [Render thread/WARN] (Minecraft) Missing sound for event: minecraft:item.goat_horn.play
[20:14:23] [Render thread/WARN] (Minecraft) Missing sound for event: minecraft:entity.goat.screaming.horn_break
[20:14:23] [Render thread/WARN] (Minecraft) Missing sound for event: minecraft:music.overworld.cherry_grove
[20:14:24] [Render thread/INFO] (Minecraft) OpenAL initialized on device OpenAL Soft on LG HD (HD Audio Driver for Display Audio)
[20:14:24] [Render thread/INFO] (Minecraft) Sound engine started
[20:14:24] [Render thread/INFO] (Minecraft) Created: 1024x512x4 minecraft:textures/atlas/blocks.png-atlas
[20:14:24] [Render thread/INFO] (Minecraft) Created: 256x256x4 minecraft:textures/atlas/signs.png-atlas
[20:14:24] [Render thread/INFO] (Minecraft) Created: 512x512x4 minecraft:textures/atlas/shield_patterns.png-atlas
[20:14:24] [Render thread/INFO] (Minecraft) Created: 512x512x4 minecraft:textures/atlas/banner_patterns.png-atlas
[20:14:24] [Render thread/INFO] (Minecraft) Created: 1024x1024x4 minecraft:textures/atlas/armor_trims.png-atlas
[20:14:25] [Render thread/INFO] (Minecraft) Created: 64x64x4 minecraft:textures/atlas/decorated_pot.png-atlas
[20:14:25] [Render thread/INFO] (Minecraft) Created: 256x256x4 minecraft:textures/atlas/chest.png-atlas
[20:14:25] [Render thread/INFO] (Minecraft) Created: 512x256x4 minecraft:textures/atlas/shulker_boxes.png-atlas
[20:14:25] [Render thread/INFO] (Minecraft) Created: 512x256x4 minecraft:textures/atlas/beds.png-atlas
[20:14:26] [Render thread/WARN] (Minecraft) Shader rendertype_entity_translucent_emissive could not find sampler named Sampler2 in the specified shader program.
[20:14:26] [Render thread/INFO] (Minecraft) Created: 256x256x0 minecraft:textures/atlas/particles.png-atlas
[20:14:26] [Render thread/INFO] (Minecraft) Created: 256x256x0 minecraft:textures/atlas/paintings.png-atlas
[20:14:27] [Render thread/INFO] (Minecraft) Created: 128x128x0 minecraft:textures/atlas/mob_effects.png-atlas
[20:14:27] [Render thread/INFO] (elementsmod) This line is printed by an example mod mixin!
[20:14:33] [Render thread/INFO] (Minecraft) Loaded 7 recipes
[20:14:34] [Render thread/INFO] (Minecraft) Loaded 1179 advancements
[20:14:38] [Render thread/INFO] (BiomeModificationImpl) Applied 0 biome modifications to 0 of 63 new biomes in 1.449 ms
[20:14:38] [Server thread/INFO] (Minecraft) Starting integrated minecraft server version 1.19.4
[20:14:38] [Server thread/INFO] (Minecraft) Generating keypair
[20:14:42] [Server thread/INFO] (Minecraft) Preparing start region for dimension minecraft:overworld
[20:14:43] [Render thread/INFO] (Minecraft) Preparing spawn area: 0%
[20:14:43] [Render thread/INFO] (Minecraft) Preparing spawn area: 0%
[20:14:43] [Render thread/INFO] (Minecraft) Preparing spawn area: 0%
[20:14:43] [Render thread/INFO] (Minecraft) Preparing spawn area: 0%
[20:14:44] [Render thread/INFO] (Minecraft) Preparing spawn area: 0%
[20:14:44] [Render thread/INFO] (Minecraft) Preparing spawn area: 1%
[20:14:45] [Render thread/INFO] (Minecraft) Preparing spawn area: 2%
[20:14:45] [Render thread/INFO] (Minecraft) Preparing spawn area: 3%
[20:14:46] [Render thread/INFO] (Minecraft) Preparing spawn area: 5%
[20:14:46] [Render thread/INFO] (Minecraft) Preparing spawn area: 7%
[20:14:47] [Render thread/INFO] (Minecraft) Preparing spawn area: 9%
[20:14:47] [Render thread/INFO] (Minecraft) Preparing spawn area: 12%
[20:14:48] [Render thread/INFO] (Minecraft) Preparing spawn area: 15%
[20:14:48] [Render thread/INFO] (Minecraft) Preparing spawn area: 17%
[20:14:49] [Render thread/INFO] (Minecraft) Preparing spawn area: 20%
[20:14:49] [Render thread/INFO] (Minecraft) Preparing spawn area: 22%
[20:14:50] [Render thread/INFO] (Minecraft) Preparing spawn area: 24%
[20:14:50] [Render thread/INFO] (Minecraft) Preparing spawn area: 28%
[20:14:51] [Render thread/INFO] (Minecraft) Preparing spawn area: 31%
[20:14:51] [Render thread/INFO] (Minecraft) Preparing spawn area: 34%
[20:14:52] [Render thread/INFO] (Minecraft) Preparing spawn area: 36%
[20:14:52] [Render thread/INFO] (Minecraft) Preparing spawn area: 40%
[20:14:53] [Render thread/INFO] (Minecraft) Preparing spawn area: 42%
[20:14:53] [Render thread/INFO] (Minecraft) Preparing spawn area: 44%
[20:14:54] [Render thread/INFO] (Minecraft) Preparing spawn area: 47%
[20:14:54] [Render thread/INFO] (Minecraft) Preparing spawn area: 52%
[20:14:55] [Render thread/INFO] (Minecraft) Preparing spawn area: 55%
[20:14:55] [Render thread/INFO] (Minecraft) Preparing spawn area: 60%
[20:14:56] [Render thread/INFO] (Minecraft) Preparing spawn area: 63%
[20:14:56] [Render thread/INFO] (Minecraft) Preparing spawn area: 68%
[20:14:57] [Render thread/INFO] (Minecraft) Preparing spawn area: 70%
[20:14:57] [Render thread/INFO] (Minecraft) Preparing spawn area: 75%
[20:14:58] [Render thread/INFO] (Minecraft) Preparing spawn area: 79%
[20:14:58] [Render thread/INFO] (Minecraft) Preparing spawn area: 83%
[20:14:59] [Render thread/INFO] (Minecraft) Preparing spawn area: 86%
[20:14:59] [Render thread/INFO] (Minecraft) Preparing spawn area: 90%
[20:15:00] [Render thread/INFO] (Minecraft) Preparing spawn area: 94%
[20:15:00] [Render thread/INFO] (Minecraft) Time elapsed: 18439 ms
[20:15:00] [Server thread/INFO] (Minecraft) Changing view distance to 6, from 10
[20:15:00] [Server thread/INFO] (Minecraft) Changing simulation distance to 12, from 0
[20:15:01] [Server thread/INFO] (Minecraft) Player130[local:E:52a43d1c] logged in with entity id 112 at (10.5, 167.0, -7.5)
[20:15:01] [Server thread/INFO] (Minecraft) Player130 joined the game
[20:15:02] [Render thread/INFO] (Minecraft) Loaded 2 advancements
[20:15:02] [Server thread/INFO] (Minecraft) Saving and pausing game...
[20:15:02] [Server thread/INFO] (Minecraft) Saving chunks for level 'ServerLevel[New World]'/minecraft:overworld
[20:15:03] [Server thread/INFO] (Minecraft) Saving chunks for level 'ServerLevel[New World]'/minecraft:the_nether
[20:15:03] [Server thread/INFO] (Minecraft) Saving chunks for level 'ServerLevel[New World]'/minecraft:the_end
[20:15:03] [Server thread/INFO] (Minecraft) Player130 lost connection: Disconnected
[20:15:03] [Server thread/INFO] (Minecraft) Player130 left the game
[20:15:03] [Server thread/INFO] (Minecraft) Stopping singleplayer server as player logged out
[20:15:03] [Server thread/INFO] (Minecraft) Stopping server
[20:15:03] [Server thread/INFO] (Minecraft) Saving players
[20:15:03] [Server thread/INFO] (Minecraft) Saving worlds
[20:15:04] [Server thread/INFO] (Minecraft) Saving chunks for level 'ServerLevel[New World]'/minecraft:overworld
[20:15:05] [Server thread/INFO] (Minecraft) Saving chunks for level 'ServerLevel[New World]'/minecraft:the_nether
[20:15:05] [Server thread/INFO] (Minecraft) Saving chunks for level 'ServerLevel[New World]'/minecraft:the_end
[20:15:05] [Server thread/INFO] (Minecraft) ThreadedAnvilChunkStorage (New World): All chunks are saved
[20:15:05] [Server thread/INFO] (Minecraft) ThreadedAnvilChunkStorage (DIM-1): All chunks are saved
[20:15:05] [Server thread/INFO] (Minecraft) ThreadedAnvilChunkStorage (DIM1): All chunks are saved
[20:15:05] [Server thread/INFO] (Minecraft) ThreadedAnvilChunkStorage: All dimensions are saved
[20:15:05] [Render thread/INFO] (elementsmod) This line is printed by an example mod mixin!
[20:15:07] [Render thread/INFO] (Minecraft) Deleting level New World
[20:15:07] [Render thread/INFO] (Minecraft) Attempt 1...
[20:15:08] [Render thread/INFO] (Minecraft) Loaded 7 recipes
[20:15:08] [Render thread/INFO] (Minecraft) Loaded 1179 advancements
[20:15:10] [Render thread/INFO] (Minecraft) Loaded 7 recipes
[20:15:10] [Render thread/INFO] (Minecraft) Loaded 1179 advancements
[20:15:12] [Render thread/INFO] (BiomeModificationImpl) Applied 0 biome modifications to 0 of 63 new biomes in 324.1 ?s
[20:15:12] [Server thread/INFO] (Minecraft) Starting integrated minecraft server version 1.19.4
[20:15:12] [Server thread/INFO] (Minecraft) Generating keypair
[20:15:13] [Server thread/INFO] (Minecraft) Preparing start region for dimension minecraft:overworld
[20:15:14] [Render thread/INFO] (Minecraft) Preparing spawn area: 0%
[20:15:14] [Render thread/INFO] (Minecraft) Preparing spawn area: 0%
[20:15:14] [Render thread/INFO] (Minecraft) Preparing spawn area: 0%
[20:15:15] [Render thread/INFO] (Minecraft) Preparing spawn area: 2%
[20:15:15] [Render thread/INFO] (Minecraft) Preparing spawn area: 5%
[20:15:16] [Render thread/INFO] (Minecraft) Preparing spawn area: 9%
[20:15:16] [Render thread/INFO] (Minecraft) Preparing spawn area: 11%
[20:15:17] [Render thread/INFO] (Minecraft) Preparing spawn area: 15%
[20:15:17] [Render thread/INFO] (Minecraft) Preparing spawn area: 18%
[20:15:18] [Render thread/INFO] (Minecraft) Preparing spawn area: 23%
[20:15:18] [Render thread/INFO] (Minecraft) Preparing spawn area: 27%
[20:15:19] [Render thread/INFO] (Minecraft) Preparing spawn area: 32%
[20:15:19] [Render thread/INFO] (Minecraft) Preparing spawn area: 35%
[20:15:20] [Render thread/INFO] (Minecraft) Preparing spawn area: 40%
[20:15:20] [Render thread/INFO] (Minecraft) Preparing spawn area: 43%
[20:15:21] [Render thread/INFO] (Minecraft) Preparing spawn area: 47%
[20:15:21] [Render thread/INFO] (Minecraft) Preparing spawn area: 54%
[20:15:22] [Render thread/INFO] (Minecraft) Preparing spawn area: 57%
[20:15:23] [Render thread/INFO] (Minecraft) Preparing spawn area: 61%
[20:15:23] [Render thread/INFO] (Minecraft) Preparing spawn area: 66%
[20:15:23] [Render thread/INFO] (Minecraft) Preparing spawn area: 70%
[20:15:24] [Render thread/INFO] (Minecraft) Preparing spawn area: 74%
[20:15:24] [Render thread/INFO] (Minecraft) Preparing spawn area: 79%
[20:15:25] [Render thread/INFO] (Minecraft) Preparing spawn area: 83%
[20:15:25] [Render thread/INFO] (Minecraft) Preparing spawn area: 87%
[20:15:26] [Render thread/INFO] (Minecraft) Preparing spawn area: 91%
[20:15:26] [Render thread/INFO] (Minecraft) Preparing spawn area: 96%
[20:15:27] [Server thread/INFO] (Minecraft) Changing view distance to 6, from 10
[20:15:27] [Server thread/INFO] (Minecraft) Changing simulation distance to 12, from 0
[20:15:27] [Render thread/INFO] (Minecraft) Time elapsed: 13174 ms
[20:15:27] [Server thread/INFO] (Minecraft) Player130[local:E:f599a81c] logged in with entity id 286 at (-100.5, 99.0, 41.5)
[20:15:27] [Server thread/INFO] (Minecraft) Player130 joined the game
[20:15:27] [Render thread/INFO] (Minecraft) Loaded 2 advancements
[20:15:36] [Server thread/INFO] (Minecraft) [Player130: Gave 1 [Aspect Of The End] to Player130]
[20:15:36] [Render thread/INFO] (Minecraft) [System] [CHAT] Gave 1 [Aspect Of The End] to Player130
[20:15:47] [Server thread/INFO] (Minecraft) Saving and pausing game...
[20:15:47] [Server thread/INFO] (Minecraft) Saving chunks for level 'ServerLevel[New World]'/minecraft:overworld
[20:15:47] [Server thread/INFO] (Minecraft) Saving chunks for level 'ServerLevel[New World]'/minecraft:the_nether
[20:15:47] [Server thread/INFO] (Minecraft) Saving chunks for level 'ServerLevel[New World]'/minecraft:the_end
[20:15:54] [Server thread/INFO] (Minecraft) Player130 lost connection: Disconnected
[20:15:54] [Server thread/INFO] (Minecraft) Player130 left the game
[20:15:54] [Server thread/INFO] (Minecraft) Stopping singleplayer server as player logged out
[20:15:54] [Server thread/INFO] (Minecraft) Stopping server
[20:15:54] [Server thread/INFO] (Minecraft) Saving players
[20:15:54] [Server thread/INFO] (Minecraft) Saving worlds
[20:15:55] [Server thread/INFO] (Minecraft) Saving chunks for level 'ServerLevel[New World]'/minecraft:overworld
[20:15:55] [Server thread/INFO] (Minecraft) Saving chunks for level 'ServerLevel[New World]'/minecraft:the_nether
[20:15:55] [Server thread/INFO] (Minecraft) Saving chunks for level 'ServerLevel[New World]'/minecraft:the_end
[20:15:55] [Server thread/INFO] (Minecraft) ThreadedAnvilChunkStorage (New World): All chunks are saved
[20:15:55] [Server thread/INFO] (Minecraft) ThreadedAnvilChunkStorage (DIM-1): All chunks are saved
[20:15:55] [Server thread/INFO] (Minecraft) ThreadedAnvilChunkStorage (DIM1): All chunks are saved
[20:15:55] [Server thread/INFO] (Minecraft) ThreadedAnvilChunkStorage: All dimensions are saved
[20:15:55] [Render thread/INFO] (elementsmod) This line is printed by an example mod mixin!
[20:15:56] [Render thread/INFO] (Minecraft) Stopping!
